<?xml version="1.0" encoding="UTF-8"?>
<testsuite xmlns:xsi="http://www.w3.org/2001/XMLSchema-instance" xsi:noNamespaceSchemaLocation="https://maven.apache.org/surefire/maven-surefire-plugin/xsd/surefire-test-report.xsd" name="test.com.igee.LabEvalTest" time="0.054" tests="2" errors="0" skipped="0" failures="2">
  <properties>
[...]
</properties>
  <testcase name="shouldReturnNegativeNumber" classname="test.com.igee.LabEvalTest$CheckingReversedSign" time="0.038">
    <failure message="expected: &lt;10&gt; but was: &lt;-10&gt;" type="org.opentest4j.AssertionFailedError"><![CDATA[org.opentest4j.AssertionFailedError: expected: <10> but was: <-10>
	at test.com.igee.LabEvalTest$CheckingReversedSign.shouldReturnNegativeNumber(LabEvalTest.java:55)
]]></failure>
    <system-out><![CDATA[Starting the pile of tests
]]></system-out>
  </testcase>
  <testcase name="shouldReturnPositiveNumber" classname="test.com.igee.LabEvalTest$CheckingReversedSign" time="0">
    <failure message="expected: &lt;-10&gt; but was: &lt;10&gt;" type="org.opentest4j.AssertionFailedError"><![CDATA[org.opentest4j.AssertionFailedError: expected: <-10> but was: <10>
	at test.com.igee.LabEvalTest$CheckingReversedSign.shouldReturnPositiveNumber(LabEvalTest.java:65)
]]></failure>
  </testcase>
</testsuite>